<?xml version="1.0" encoding="UTF-8"?>
<coverage generated="1598852289559" clover="3.2.0">
  <project timestamp="1598852289559" name="All files">
    <metrics statements="7" coveredstatements="4" conditionals="4" coveredconditionals="2" methods="6" coveredmethods="2" elements="17" coveredelements="8" complexity="0" loc="7" ncloc="7" packages="1" files="1" classes="1"/>
    <file name="Observer.js" path="/home/zenbook/Documents/projects/tutorials/excel-course/src/core/Observer.js">
      <metrics statements="7" coveredstatements="4" conditionals="4" coveredconditionals="2" methods="6" coveredmethods="2"/>
      <line num="12" count="1" type="stmt"/>
      <line num="22" count="0" type="cond" truecount="0" falsecount="2"/>
      <line num="24" count="0" type="stmt"/>
      <line num="35" count="2" type="cond" truecount="2" falsecount="0"/>
      <line num="36" count="2" type="stmt"/>
      <line num="38" count="2" type="stmt"/>
      <line num="39" count="0" type="stmt"/>
    </file>
  </project>
</coverage>
