{"/home/zenbook/Documents/projects/tutorials/excel-course/src/core/Observer.js": {"path":"/home/zenbook/Documents/projects/tutorials/excel-course/src/core/Observer.js","statementMap":{"0":{"start":{"line":12,"column":4},"end":{"line":12,"column":21}},"1":{"start":{"line":22,"column":4},"end":{"line":22,"column":51}},"2":{"start":{"line":22,"column":44},"end":{"line":22,"column":51}},"3":{"start":{"line":24,"column":4},"end":{"line":24,"column":49}},"4":{"start":{"line":24,"column":39},"end":{"line":24,"column":47}},"5":{"start":{"line":35,"column":4},"end":{"line":35,"column":50}},"6":{"start":{"line":36,"column":4},"end":{"line":36,"column":32}},"7":{"start":{"line":38,"column":4},"end":{"line":40,"column":6}},"8":{"start":{"line":39,"column":6},"end":{"line":39,"column":74}},"9":{"start":{"line":39,"column":62},"end":{"line":39,"column":72}}},"fnMap":{"0":{"name":"(anonymous_0)","decl":{"start":{"line":11,"column":2},"end":{"line":11,"column":3}},"loc":{"start":{"line":11,"column":16},"end":{"line":13,"column":3}},"line":11},"1":{"name":"(anonymous_1)","decl":{"start":{"line":21,"column":2},"end":{"line":21,"column":3}},"loc":{"start":{"line":21,"column":20},"end":{"line":25,"column":3}},"line":21},"2":{"name":"(anonymous_2)","decl":{"start":{"line":24,"column":31},"end":{"line":24,"column":32}},"loc":{"start":{"line":24,"column":39},"end":{"line":24,"column":47}},"line":24},"3":{"name":"(anonymous_3)","decl":{"start":{"line":34,"column":2},"end":{"line":34,"column":3}},"loc":{"start":{"line":34,"column":16},"end":{"line":41,"column":3}},"line":34},"4":{"name":"(anonymous_4)","decl":{"start":{"line":38,"column":11},"end":{"line":38,"column":12}},"loc":{"start":{"line":38,"column":17},"end":{"line":40,"column":5}},"line":38},"5":{"name":"(anonymous_5)","decl":{"start":{"line":39,"column":53},"end":{"line":39,"column":54}},"loc":{"start":{"line":39,"column":62},"end":{"line":39,"column":72}},"line":39}},"branchMap":{"0":{"loc":{"start":{"line":22,"column":4},"end":{"line":22,"column":51}},"type":"if","locations":[{"start":{"line":22,"column":4},"end":{"line":22,"column":51}},{"start":{"line":22,"column":4},"end":{"line":22,"column":51}}],"line":22},"1":{"loc":{"start":{"line":35,"column":25},"end":{"line":35,"column":49}},"type":"binary-expr","locations":[{"start":{"line":35,"column":25},"end":{"line":35,"column":43}},{"start":{"line":35,"column":47},"end":{"line":35,"column":49}}],"line":35}},"s":{"0":1,"1":0,"2":0,"3":0,"4":0,"5":2,"6":2,"7":2,"8":0,"9":0},"f":{"0":1,"1":0,"2":0,"3":2,"4":0,"5":0},"b":{"0":[0,0],"1":[2,2]},"_coverageSchema":"1a1c01bbd47fc00a2c39e90264f33305004495a9","hash":"deb1e11429f0f99063ac0a182289ebea7a539e18"}
}
